<?xml version="1.0" encoding="UTF-8"?>
<testng-results ignored="0" total="1" passed="1" failed="0" skipped="0">
  <reporter-output>
  </reporter-output>
  <suite started-at="2025-03-17T18:38:34 IST" name="Default suite" finished-at="2025-03-17T18:38:34 IST" duration-ms="183">
    <groups>
    </groups>
    <test started-at="2025-03-17T18:38:34 IST" name="Default test" finished-at="2025-03-17T18:38:34 IST" duration-ms="183">
      <class name="PS2">
        <test-method is-config="true" signature="beforeRun()[pri:0, instance:PS2@5b03b9fe]" started-at="2025-03-17T18:38:34 IST" name="beforeRun" finished-at="2025-03-17T18:38:34 IST" duration-ms="27" status="PASS">
          <reporter-output>
          </reporter-output>
        </test-method> <!-- beforeRun -->
        <test-method signature="tes5tRun()[pri:0, instance:PS2@5b03b9fe]" started-at="2025-03-17T18:38:34 IST" name="tes5tRun" finished-at="2025-03-17T18:38:34 IST" duration-ms="19" status="PASS">
          <reporter-output>
          </reporter-output>
        </test-method> <!-- tes5tRun -->
      </class> <!-- PS2 -->
    </test> <!-- Default test -->
  </suite> <!-- Default suite -->
</testng-results>
